<?xml version="1.0" encoding="UTF-8"?>
<!-- Generated by org.testng.reporters.JUnitXMLReporter -->
<testsuite hostname="cvasanthi-lp" ignored="0" name="Ecart Tests" tests="17" failures="1" timestamp="2020-04-27T11:55:40 IST" time="619.076" errors="0">
  <testcase name="validatetabdisplayed" time="18.372" classname="com.ecart.test.SummarypageTestCases"/>
  <testcase name="validateQuanityOfItemsAndPricetotalsUpdateAfterRemoveAddItemsInShoppingCart" time="59.796" classname="com.ecart.test.SummarypageTestCases"/>
  <testcase name="validatePriceTotalsUpdateAfterAddItemaInShoppingCart" time="20.945" classname="com.ecart.test.SummarypageTestCases"/>
  <testcase name="validateSummaryPageForSingleItemInCart" time="15.42" classname="com.ecart.test.SummarypageTestCases"/>
  <testcase name="validateQuanityOfItemsUpdateForMoreItemsInSummaryPage" time="36.294" classname="com.ecart.test.SummarypageTestCases"/>
  <testcase name="validatePageTitleTest" time="0.059" classname="com.ecart.test.SearchPageTestCases"/>
  <testcase name="validateSearchBoxWithValidItemsTest" time="3.895" classname="com.ecart.test.SearchPageTestCases"/>
  <testcase name="validateResultsMessageForInvalidItemsTest" time="2.265" classname="com.ecart.test.SearchPageTestCases"/>
  <testcase name="validateResultsMessageForNoItemsSearch" time="1.986" classname="com.ecart.test.SearchPageTestCases"/>
  <testcase name="validateTabsInSearchPage" time="0.13" classname="com.ecart.test.SearchPageTestCases"/>
  <testcase name="clickOnItemsNavigateToProductDescriptionPage" time="4.034" classname="com.ecart.test.SearchPageTestCases"/>
  <testcase name="validateShoppingCartEmpty" time="0.106" classname="com.ecart.test.SearchPageTestCases"/>
  <testcase name="validateSearchReultsMatchingSearchQuery" time="3.148" classname="com.ecart.test.SearchPageTestCases">
    <failure type="java.lang.AssertionError" message="Invalid items blouse and t-shirt diplayed,its a defect expected [true] but found [false]">
      <![CDATA[java.lang.AssertionError: Invalid items blouse and t-shirt diplayed,its a defect expected [true] but found [false]
at com.ecart.test.SearchPageTestCases.validateSearchReultsMatchingSearchQuery(SearchPageTestCases.java:151)
at java.util.ArrayList.forEach(ArrayList.java:1249)
... Removed 31 stack frames]]>
    </failure>
  </testcase> <!-- validateSearchReultsMatchingSearchQuery -->
  <testcase name="validateProductDesciptionPageForSingleItemInCart" time="16.971" classname="com.ecart.test.ProductPageTestCases"/>
  <testcase name="validateProductDescriptionPageforPrinteddress" time="13.181" classname="com.ecart.test.ProductPageTestCases"/>
  <testcase name="validateProductiondescriptionpageforPrintedChiffondress" time="7.365" classname="com.ecart.test.ProductPageTestCases"/>
  <testcase name="validateProductiondescriptionpagefortshirtitem" time="8.952" classname="com.ecart.test.ProductPageTestCases"/>
</testsuite> <!-- Ecart Tests -->
