<?xml version="1.0" encoding="UTF-8"?>
<testng-results skipped="0" failed="1" ignored="0" total="17" passed="16">
  <reporter-output>
  </reporter-output>
  <suite name="Test Suite" duration-ms="619076" started-at="2020-04-27T11:45:21 IST" finished-at="2020-04-27T11:55:40 IST">
    <groups>
    </groups>
    <test name="Ecart Tests" duration-ms="619076" started-at="2020-04-27T11:45:21 IST" finished-at="2020-04-27T11:55:40 IST">
      <class name="com.ecart.test.SearchPageTestCases">
        <test-method status="PASS" signature="setUp()[pri:0, instance:com.ecart.test.SearchPageTestCases@2781e022]" name="setUp" is-config="true" duration-ms="26581" started-at="2020-04-27T11:50:04 IST" finished-at="2020-04-27T11:50:30 IST">
          <reporter-output>
          </reporter-output>
        </test-method> <!-- setUp -->
        <test-method status="PASS" signature="validatePageTitleTest()[pri:0, instance:com.ecart.test.SearchPageTestCases@2781e022]" name="validatePageTitleTest" duration-ms="59" started-at="2020-04-27T11:50:30 IST" finished-at="2020-04-27T11:50:30 IST">
          <reporter-output>
          </reporter-output>
        </test-method> <!-- validatePageTitleTest -->
        <test-method status="PASS" signature="teardown()[pri:0, instance:com.ecart.test.SearchPageTestCases@2781e022]" name="teardown" is-config="true" duration-ms="690" started-at="2020-04-27T11:50:30 IST" finished-at="2020-04-27T11:50:31 IST">
          <reporter-output>
          </reporter-output>
        </test-method> <!-- teardown -->
        <test-method status="PASS" signature="setUp()[pri:0, instance:com.ecart.test.SearchPageTestCases@2781e022]" name="setUp" is-config="true" duration-ms="25731" started-at="2020-04-27T11:50:31 IST" finished-at="2020-04-27T11:50:57 IST">
          <reporter-output>
          </reporter-output>
        </test-method> <!-- setUp -->
        <test-method status="PASS" signature="validateSearchBoxWithValidItemsTest()[pri:1, instance:com.ecart.test.SearchPageTestCases@2781e022]" name="validateSearchBoxWithValidItemsTest" duration-ms="3895" started-at="2020-04-27T11:50:57 IST" finished-at="2020-04-27T11:51:01 IST">
          <reporter-output>
          </reporter-output>
        </test-method> <!-- validateSearchBoxWithValidItemsTest -->
        <test-method status="PASS" signature="teardown()[pri:0, instance:com.ecart.test.SearchPageTestCases@2781e022]" name="teardown" is-config="true" duration-ms="754" started-at="2020-04-27T11:51:01 IST" finished-at="2020-04-27T11:51:01 IST">
          <reporter-output>
          </reporter-output>
        </test-method> <!-- teardown -->
        <test-method status="PASS" signature="setUp()[pri:0, instance:com.ecart.test.SearchPageTestCases@2781e022]" name="setUp" is-config="true" duration-ms="26847" started-at="2020-04-27T11:51:01 IST" finished-at="2020-04-27T11:51:28 IST">
          <reporter-output>
          </reporter-output>
        </test-method> <!-- setUp -->
        <test-method status="PASS" signature="validateResultsMessageForInvalidItemsTest()[pri:2, instance:com.ecart.test.SearchPageTestCases@2781e022]" name="validateResultsMessageForInvalidItemsTest" duration-ms="2265" started-at="2020-04-27T11:51:28 IST" finished-at="2020-04-27T11:51:31 IST">
          <reporter-output>
          </reporter-output>
        </test-method> <!-- validateResultsMessageForInvalidItemsTest -->
        <test-method status="PASS" signature="teardown()[pri:0, instance:com.ecart.test.SearchPageTestCases@2781e022]" name="teardown" is-config="true" duration-ms="667" started-at="2020-04-27T11:51:31 IST" finished-at="2020-04-27T11:51:31 IST">
          <reporter-output>
          </reporter-output>
        </test-method> <!-- teardown -->
        <test-method status="PASS" signature="setUp()[pri:0, instance:com.ecart.test.SearchPageTestCases@2781e022]" name="setUp" is-config="true" duration-ms="17018" started-at="2020-04-27T11:51:31 IST" finished-at="2020-04-27T11:51:48 IST">
          <reporter-output>
          </reporter-output>
        </test-method> <!-- setUp -->
        <test-method status="PASS" signature="validateResultsMessageForNoItemsSearch()[pri:3, instance:com.ecart.test.SearchPageTestCases@2781e022]" name="validateResultsMessageForNoItemsSearch" duration-ms="1986" started-at="2020-04-27T11:51:48 IST" finished-at="2020-04-27T11:51:50 IST">
          <reporter-output>
          </reporter-output>
        </test-method> <!-- validateResultsMessageForNoItemsSearch -->
        <test-method status="PASS" signature="teardown()[pri:0, instance:com.ecart.test.SearchPageTestCases@2781e022]" name="teardown" is-config="true" duration-ms="680" started-at="2020-04-27T11:51:50 IST" finished-at="2020-04-27T11:51:51 IST">
          <reporter-output>
          </reporter-output>
        </test-method> <!-- teardown -->
        <test-method status="PASS" signature="setUp()[pri:0, instance:com.ecart.test.SearchPageTestCases@2781e022]" name="setUp" is-config="true" duration-ms="17609" started-at="2020-04-27T11:51:51 IST" finished-at="2020-04-27T11:52:09 IST">
          <reporter-output>
          </reporter-output>
        </test-method> <!-- setUp -->
        <test-method status="PASS" signature="validateTabsInSearchPage()[pri:4, instance:com.ecart.test.SearchPageTestCases@2781e022]" name="validateTabsInSearchPage" duration-ms="130" started-at="2020-04-27T11:52:09 IST" finished-at="2020-04-27T11:52:09 IST">
          <reporter-output>
          </reporter-output>
        </test-method> <!-- validateTabsInSearchPage -->
        <test-method status="PASS" signature="teardown()[pri:0, instance:com.ecart.test.SearchPageTestCases@2781e022]" name="teardown" is-config="true" duration-ms="677" started-at="2020-04-27T11:52:09 IST" finished-at="2020-04-27T11:52:09 IST">
          <reporter-output>
          </reporter-output>
        </test-method> <!-- teardown -->
        <test-method status="PASS" signature="setUp()[pri:0, instance:com.ecart.test.SearchPageTestCases@2781e022]" name="setUp" is-config="true" duration-ms="20026" started-at="2020-04-27T11:52:09 IST" finished-at="2020-04-27T11:52:29 IST">
          <reporter-output>
          </reporter-output>
        </test-method> <!-- setUp -->
        <test-method status="PASS" signature="clickOnItemsNavigateToProductDescriptionPage()[pri:5, instance:com.ecart.test.SearchPageTestCases@2781e022]" name="clickOnItemsNavigateToProductDescriptionPage" duration-ms="4034" started-at="2020-04-27T11:52:29 IST" finished-at="2020-04-27T11:52:33 IST">
          <reporter-output>
          </reporter-output>
        </test-method> <!-- clickOnItemsNavigateToProductDescriptionPage -->
        <test-method status="PASS" signature="teardown()[pri:0, instance:com.ecart.test.SearchPageTestCases@2781e022]" name="teardown" is-config="true" duration-ms="685" started-at="2020-04-27T11:52:33 IST" finished-at="2020-04-27T11:52:34 IST">
          <reporter-output>
          </reporter-output>
        </test-method> <!-- teardown -->
        <test-method status="PASS" signature="setUp()[pri:0, instance:com.ecart.test.SearchPageTestCases@2781e022]" name="setUp" is-config="true" duration-ms="21759" started-at="2020-04-27T11:52:34 IST" finished-at="2020-04-27T11:52:56 IST">
          <reporter-output>
          </reporter-output>
        </test-method> <!-- setUp -->
        <test-method status="PASS" signature="validateShoppingCartEmpty()[pri:6, instance:com.ecart.test.SearchPageTestCases@2781e022]" name="validateShoppingCartEmpty" duration-ms="106" started-at="2020-04-27T11:52:56 IST" finished-at="2020-04-27T11:52:56 IST">
          <reporter-output>
          </reporter-output>
        </test-method> <!-- validateShoppingCartEmpty -->
        <test-method status="PASS" signature="teardown()[pri:0, instance:com.ecart.test.SearchPageTestCases@2781e022]" name="teardown" is-config="true" duration-ms="674" started-at="2020-04-27T11:52:56 IST" finished-at="2020-04-27T11:52:57 IST">
          <reporter-output>
          </reporter-output>
        </test-method> <!-- teardown -->
        <test-method status="PASS" signature="setUp()[pri:0, instance:com.ecart.test.SearchPageTestCases@2781e022]" name="setUp" is-config="true" duration-ms="18590" started-at="2020-04-27T11:52:57 IST" finished-at="2020-04-27T11:53:15 IST">
          <reporter-output>
          </reporter-output>
        </test-method> <!-- setUp -->
        <test-method status="FAIL" signature="validateSearchReultsMatchingSearchQuery()[pri:7, instance:com.ecart.test.SearchPageTestCases@2781e022]" name="validateSearchReultsMatchingSearchQuery" duration-ms="3148" started-at="2020-04-27T11:53:15 IST" finished-at="2020-04-27T11:53:18 IST">
          <exception class="java.lang.AssertionError">
            <message>
              <![CDATA[Invalid items blouse and t-shirt diplayed,its a defect expected [true] but found [false]]]>
            </message>
            <full-stacktrace>
              <![CDATA[java.lang.AssertionError: Invalid items blouse and t-shirt diplayed,its a defect expected [true] but found [false]
at org.testng.Assert.fail(Assert.java:97)
at org.testng.Assert.failNotEquals(Assert.java:969)
at org.testng.Assert.assertTrue(Assert.java:43)
at com.ecart.test.SearchPageTestCases.validateSearchReultsMatchingSearchQuery(SearchPageTestCases.java:151)
at sun.reflect.NativeMethodAccessorImpl.invoke0(Native Method)
at sun.reflect.NativeMethodAccessorImpl.invoke(NativeMethodAccessorImpl.java:62)
at sun.reflect.DelegatingMethodAccessorImpl.invoke(DelegatingMethodAccessorImpl.java:43)
at java.lang.reflect.Method.invoke(Method.java:497)
at org.testng.internal.MethodInvocationHelper.invokeMethod(MethodInvocationHelper.java:134)
at org.testng.internal.TestInvoker.invokeMethod(TestInvoker.java:597)
at org.testng.internal.TestInvoker.invokeTestMethod(TestInvoker.java:173)
at org.testng.internal.MethodRunner.runInSequence(MethodRunner.java:46)
at org.testng.internal.TestInvoker$MethodInvocationAgent.invoke(TestInvoker.java:816)
at org.testng.internal.TestInvoker.invokeTestMethods(TestInvoker.java:146)
at org.testng.internal.TestMethodWorker.invokeTestMethods(TestMethodWorker.java:146)
at org.testng.internal.TestMethodWorker.run(TestMethodWorker.java:128)
at org.testng.TestRunner$$Lambda$49/1780132728.accept(Unknown Source)
at java.util.ArrayList.forEach(ArrayList.java:1249)
at org.testng.TestRunner.privateRun(TestRunner.java:766)
at org.testng.TestRunner.run(TestRunner.java:587)
at org.testng.SuiteRunner.runTest(SuiteRunner.java:384)
at org.testng.SuiteRunner.runSequentially(SuiteRunner.java:378)
at org.testng.SuiteRunner.privateRun(SuiteRunner.java:337)
at org.testng.SuiteRunner.run(SuiteRunner.java:286)
at org.testng.SuiteRunnerWorker.runSuite(SuiteRunnerWorker.java:53)
at org.testng.SuiteRunnerWorker.run(SuiteRunnerWorker.java:96)
at org.testng.TestNG.runSuitesSequentially(TestNG.java:1187)
at org.testng.TestNG.runSuitesLocally(TestNG.java:1109)
at org.testng.TestNG.runSuites(TestNG.java:1039)
at org.testng.TestNG.run(TestNG.java:1007)
at org.testng.remote.AbstractRemoteTestNG.run(AbstractRemoteTestNG.java:115)
at org.testng.remote.RemoteTestNG.initAndRun(RemoteTestNG.java:251)
at org.testng.remote.RemoteTestNG.main(RemoteTestNG.java:77)
]]>
            </full-stacktrace>
          </exception> <!-- java.lang.AssertionError -->
          <reporter-output>
          </reporter-output>
        </test-method> <!-- validateSearchReultsMatchingSearchQuery -->
        <test-method status="PASS" signature="teardown()[pri:0, instance:com.ecart.test.SearchPageTestCases@2781e022]" name="teardown" is-config="true" duration-ms="716" started-at="2020-04-27T11:53:18 IST" finished-at="2020-04-27T11:53:19 IST">
          <reporter-output>
          </reporter-output>
        </test-method> <!-- teardown -->
      </class> <!-- com.ecart.test.SearchPageTestCases -->
      <class name="com.ecart.test.SummarypageTestCases">
        <test-method status="PASS" signature="setUp()[pri:0, instance:com.ecart.test.SummarypageTestCases@4493d195]" name="setUp" is-config="true" duration-ms="22556" started-at="2020-04-27T11:45:21 IST" finished-at="2020-04-27T11:45:43 IST">
          <reporter-output>
          </reporter-output>
        </test-method> <!-- setUp -->
        <test-method status="PASS" signature="validatetabdisplayed()[pri:1, instance:com.ecart.test.SummarypageTestCases@4493d195]" name="validatetabdisplayed" duration-ms="18372" started-at="2020-04-27T11:45:43 IST" finished-at="2020-04-27T11:46:02 IST">
          <reporter-output>
          </reporter-output>
        </test-method> <!-- validatetabdisplayed -->
        <test-method status="PASS" signature="teardown()[pri:0, instance:com.ecart.test.SummarypageTestCases@4493d195]" name="teardown" is-config="true" duration-ms="692" started-at="2020-04-27T11:46:02 IST" finished-at="2020-04-27T11:46:02 IST">
          <reporter-output>
          </reporter-output>
        </test-method> <!-- teardown -->
        <test-method status="PASS" signature="setUp()[pri:0, instance:com.ecart.test.SummarypageTestCases@4493d195]" name="setUp" is-config="true" duration-ms="19128" started-at="2020-04-27T11:46:02 IST" finished-at="2020-04-27T11:46:22 IST">
          <reporter-output>
          </reporter-output>
        </test-method> <!-- setUp -->
        <test-method status="PASS" signature="validateQuanityOfItemsAndPricetotalsUpdateAfterRemoveAddItemsInShoppingCart()[pri:2, instance:com.ecart.test.SummarypageTestCases@4493d195]" name="validateQuanityOfItemsAndPricetotalsUpdateAfterRemoveAddItemsInShoppingCart" duration-ms="59796" started-at="2020-04-27T11:46:22 IST" finished-at="2020-04-27T11:47:21 IST">
          <reporter-output>
          </reporter-output>
        </test-method> <!-- validateQuanityOfItemsAndPricetotalsUpdateAfterRemoveAddItemsInShoppingCart -->
        <test-method status="PASS" signature="teardown()[pri:0, instance:com.ecart.test.SummarypageTestCases@4493d195]" name="teardown" is-config="true" duration-ms="686" started-at="2020-04-27T11:47:21 IST" finished-at="2020-04-27T11:47:22 IST">
          <reporter-output>
          </reporter-output>
        </test-method> <!-- teardown -->
        <test-method status="PASS" signature="setUp()[pri:0, instance:com.ecart.test.SummarypageTestCases@4493d195]" name="setUp" is-config="true" duration-ms="24482" started-at="2020-04-27T11:47:22 IST" finished-at="2020-04-27T11:47:47 IST">
          <reporter-output>
          </reporter-output>
        </test-method> <!-- setUp -->
        <test-method status="PASS" signature="validatePriceTotalsUpdateAfterAddItemaInShoppingCart()[pri:3, instance:com.ecart.test.SummarypageTestCases@4493d195]" name="validatePriceTotalsUpdateAfterAddItemaInShoppingCart" duration-ms="20945" started-at="2020-04-27T11:47:47 IST" finished-at="2020-04-27T11:48:07 IST">
          <reporter-output>
          </reporter-output>
        </test-method> <!-- validatePriceTotalsUpdateAfterAddItemaInShoppingCart -->
        <test-method status="PASS" signature="teardown()[pri:0, instance:com.ecart.test.SummarypageTestCases@4493d195]" name="teardown" is-config="true" duration-ms="698" started-at="2020-04-27T11:48:07 IST" finished-at="2020-04-27T11:48:08 IST">
          <reporter-output>
          </reporter-output>
        </test-method> <!-- teardown -->
        <test-method status="PASS" signature="setUp()[pri:0, instance:com.ecart.test.SummarypageTestCases@4493d195]" name="setUp" is-config="true" duration-ms="34542" started-at="2020-04-27T11:48:08 IST" finished-at="2020-04-27T11:48:43 IST">
          <reporter-output>
          </reporter-output>
        </test-method> <!-- setUp -->
        <test-method status="PASS" signature="validateSummaryPageForSingleItemInCart()[pri:4, instance:com.ecart.test.SummarypageTestCases@4493d195]" name="validateSummaryPageForSingleItemInCart" duration-ms="15420" started-at="2020-04-27T11:48:43 IST" finished-at="2020-04-27T11:48:58 IST">
          <reporter-output>
          </reporter-output>
        </test-method> <!-- validateSummaryPageForSingleItemInCart -->
        <test-method status="PASS" signature="teardown()[pri:0, instance:com.ecart.test.SummarypageTestCases@4493d195]" name="teardown" is-config="true" duration-ms="1820" started-at="2020-04-27T11:48:58 IST" finished-at="2020-04-27T11:49:00 IST">
          <reporter-output>
          </reporter-output>
        </test-method> <!-- teardown -->
        <test-method status="PASS" signature="setUp()[pri:0, instance:com.ecart.test.SummarypageTestCases@4493d195]" name="setUp" is-config="true" duration-ms="26739" started-at="2020-04-27T11:49:00 IST" finished-at="2020-04-27T11:49:27 IST">
          <reporter-output>
          </reporter-output>
        </test-method> <!-- setUp -->
        <test-method status="PASS" signature="validateQuanityOfItemsUpdateForMoreItemsInSummaryPage()[pri:5, instance:com.ecart.test.SummarypageTestCases@4493d195]" name="validateQuanityOfItemsUpdateForMoreItemsInSummaryPage" duration-ms="36294" started-at="2020-04-27T11:49:27 IST" finished-at="2020-04-27T11:50:03 IST">
          <reporter-output>
          </reporter-output>
        </test-method> <!-- validateQuanityOfItemsUpdateForMoreItemsInSummaryPage -->
        <test-method status="PASS" signature="teardown()[pri:0, instance:com.ecart.test.SummarypageTestCases@4493d195]" name="teardown" is-config="true" duration-ms="768" started-at="2020-04-27T11:50:03 IST" finished-at="2020-04-27T11:50:04 IST">
          <reporter-output>
          </reporter-output>
        </test-method> <!-- teardown -->
      </class> <!-- com.ecart.test.SummarypageTestCases -->
      <class name="com.ecart.test.ProductPageTestCases">
        <test-method status="PASS" signature="setUp()[pri:0, instance:com.ecart.test.ProductPageTestCases@57e1b0c]" name="setUp" is-config="true" duration-ms="21189" started-at="2020-04-27T11:53:19 IST" finished-at="2020-04-27T11:53:40 IST">
          <reporter-output>
          </reporter-output>
        </test-method> <!-- setUp -->
        <test-method status="PASS" signature="validateProductDesciptionPageForSingleItemInCart()[pri:0, instance:com.ecart.test.ProductPageTestCases@57e1b0c]" name="validateProductDesciptionPageForSingleItemInCart" duration-ms="16971" started-at="2020-04-27T11:53:40 IST" finished-at="2020-04-27T11:53:57 IST">
          <reporter-output>
          </reporter-output>
        </test-method> <!-- validateProductDesciptionPageForSingleItemInCart -->
        <test-method status="PASS" signature="teardown()[pri:0, instance:com.ecart.test.ProductPageTestCases@57e1b0c]" name="teardown" is-config="true" duration-ms="718" started-at="2020-04-27T11:53:57 IST" finished-at="2020-04-27T11:53:58 IST">
          <reporter-output>
          </reporter-output>
        </test-method> <!-- teardown -->
        <test-method status="PASS" signature="setUp()[pri:0, instance:com.ecart.test.ProductPageTestCases@57e1b0c]" name="setUp" is-config="true" duration-ms="24369" started-at="2020-04-27T11:53:58 IST" finished-at="2020-04-27T11:54:22 IST">
          <reporter-output>
          </reporter-output>
        </test-method> <!-- setUp -->
        <test-method status="PASS" signature="validateProductDescriptionPageforPrinteddress()[pri:1, instance:com.ecart.test.ProductPageTestCases@57e1b0c]" name="validateProductDescriptionPageforPrinteddress" duration-ms="13181" started-at="2020-04-27T11:54:22 IST" finished-at="2020-04-27T11:54:36 IST">
          <reporter-output>
          </reporter-output>
        </test-method> <!-- validateProductDescriptionPageforPrinteddress -->
        <test-method status="PASS" signature="teardown()[pri:0, instance:com.ecart.test.ProductPageTestCases@57e1b0c]" name="teardown" is-config="true" duration-ms="724" started-at="2020-04-27T11:54:36 IST" finished-at="2020-04-27T11:54:36 IST">
          <reporter-output>
          </reporter-output>
        </test-method> <!-- teardown -->
        <test-method status="PASS" signature="setUp()[pri:0, instance:com.ecart.test.ProductPageTestCases@57e1b0c]" name="setUp" is-config="true" duration-ms="22962" started-at="2020-04-27T11:54:36 IST" finished-at="2020-04-27T11:54:59 IST">
          <reporter-output>
          </reporter-output>
        </test-method> <!-- setUp -->
        <test-method status="PASS" signature="validateProductiondescriptionpageforPrintedChiffondress()[pri:2, instance:com.ecart.test.ProductPageTestCases@57e1b0c]" name="validateProductiondescriptionpageforPrintedChiffondress" duration-ms="7365" started-at="2020-04-27T11:54:59 IST" finished-at="2020-04-27T11:55:07 IST">
          <reporter-output>
          </reporter-output>
        </test-method> <!-- validateProductiondescriptionpageforPrintedChiffondress -->
        <test-method status="PASS" signature="teardown()[pri:0, instance:com.ecart.test.ProductPageTestCases@57e1b0c]" name="teardown" is-config="true" duration-ms="770" started-at="2020-04-27T11:55:07 IST" finished-at="2020-04-27T11:55:07 IST">
          <reporter-output>
          </reporter-output>
        </test-method> <!-- teardown -->
        <test-method status="PASS" signature="setUp()[pri:0, instance:com.ecart.test.ProductPageTestCases@57e1b0c]" name="setUp" is-config="true" duration-ms="22784" started-at="2020-04-27T11:55:07 IST" finished-at="2020-04-27T11:55:30 IST">
          <reporter-output>
          </reporter-output>
        </test-method> <!-- setUp -->
        <test-method status="PASS" signature="validateProductiondescriptionpagefortshirtitem()[pri:2, instance:com.ecart.test.ProductPageTestCases@57e1b0c]" name="validateProductiondescriptionpagefortshirtitem" duration-ms="8952" started-at="2020-04-27T11:55:30 IST" finished-at="2020-04-27T11:55:39 IST">
          <reporter-output>
          </reporter-output>
        </test-method> <!-- validateProductiondescriptionpagefortshirtitem -->
        <test-method status="PASS" signature="teardown()[pri:0, instance:com.ecart.test.ProductPageTestCases@57e1b0c]" name="teardown" is-config="true" duration-ms="727" started-at="2020-04-27T11:55:39 IST" finished-at="2020-04-27T11:55:40 IST">
          <reporter-output>
          </reporter-output>
        </test-method> <!-- teardown -->
      </class> <!-- com.ecart.test.ProductPageTestCases -->
    </test> <!-- Ecart Tests -->
  </suite> <!-- Test Suite -->
</testng-results>
